41
/var/spool/slurmd/job4783558/slurm_script: line 16: activate: No such file or directory
06/19/2022 21:00:57 - WARNING - __main__ - Process rank: -1, device: cuda:0, n_gpu: 1distributed training: False, 16-bits training: False
06/19/2022 21:00:57 - INFO - __main__ - Training/evaluation parameters Seq2SeqTrainingArguments(
_n_gpu=1,
adafactor=False,
adam_beta1=0.9,
adam_beta2=0.999,
adam_epsilon=1e-08,
bf16=False,
bf16_full_eval=False,
dataloader_drop_last=False,
dataloader_num_workers=0,
dataloader_pin_memory=True,
ddp_bucket_cap_mb=None,
ddp_find_unused_parameters=None,
debug=[],
deepspeed=None,
disable_tqdm=False,
do_eval=True,
do_predict=False,
do_train=False,
eval_accumulation_steps=None,
eval_steps=500,
evaluation_strategy=IntervalStrategy.STEPS,
fp16=False,
fp16_backend=auto,
fp16_full_eval=False,
fp16_opt_level=O1,
generation_max_length=None,
generation_num_beams=None,
gradient_accumulation_steps=1,
gradient_checkpointing=False,
greater_is_better=True,
group_by_length=False,
half_precision_backend=auto,
hub_model_id=None,
hub_strategy=HubStrategy.EVERY_SAVE,
hub_token=<HUB_TOKEN>,
ignore_data_skip=False,
label_names=None,
label_smoothing_factor=0.1,
learning_rate=5e-05,
length_column_name=length,
load_best_model_at_end=True,
local_rank=-1,
log_level=-1,
log_level_replica=-1,
log_on_each_node=True,
logging_dir=/gscratch/argon/artidoro/eventsrealm/real_events/outputs/gold-v1.1-prompt-t5-merged-entities-k_prompts-5-checkpoint-5000-single-all-k=41-out-domain/runs/Jun19_21-00-44_g3040,
logging_first_step=True,
logging_nan_inf_filter=True,
logging_steps=500,
logging_strategy=IntervalStrategy.STEPS,
lr_scheduler_type=SchedulerType.LINEAR,
max_grad_norm=1.0,
max_steps=-1,
metric_for_best_model=different_f1,
mp_parameters=,
no_cuda=False,
num_train_epochs=10.0,
optim=OptimizerNames.ADAMW_HF,
output_dir=/gscratch/argon/artidoro/eventsrealm/real_events/outputs/gold-v1.1-prompt-t5-merged-entities-k_prompts-5-checkpoint-5000-single-all-k=41-out-domain,
overwrite_output_dir=True,
past_index=-1,
per_device_eval_batch_size=300,
per_device_train_batch_size=35,
predict_with_generate=True,
prediction_loss_only=False,
push_to_hub=False,
push_to_hub_model_id=None,
push_to_hub_organization=None,
push_to_hub_token=<PUSH_TO_HUB_TOKEN>,
remove_unused_columns=False,
report_to=[],
resume_from_checkpoint=None,
run_name=/gscratch/argon/artidoro/eventsrealm/real_events/outputs/gold-v1.1-prompt-t5-merged-entities-k_prompts-5-checkpoint-5000-single-all-k=41-out-domain,
save_on_each_node=False,
save_steps=500,
save_strategy=IntervalStrategy.STEPS,
save_total_limit=2,
seed=42,
sharded_ddp=[],
skip_memory_metrics=True,
sortish_sampler=False,
tf32=None,
tpu_metrics_debug=False,
tpu_num_cores=None,
use_legacy_prediction_loop=False,
warmup_ratio=0.0,
warmup_steps=0,
weight_decay=0.0,
xpu_backend=None,
)
06/19/2022 21:00:58 - WARNING - datasets.builder - Using custom data configuration default-97ecad4d1ffcfbee
06/19/2022 21:00:58 - INFO - datasets.builder - Overwrite dataset info from restored data version.
06/19/2022 21:00:58 - INFO - datasets.info - Loading Dataset info from /mmfs1/home/artidoro/.cache/huggingface/datasets/json/default-97ecad4d1ffcfbee/0.0.0/ac0ca5f5289a6cf108e706efcf040422dbbfa8e658dee6a819f20d76bb84d26b
06/19/2022 21:00:58 - WARNING - datasets.builder - Reusing dataset json (/mmfs1/home/artidoro/.cache/huggingface/datasets/json/default-97ecad4d1ffcfbee/0.0.0/ac0ca5f5289a6cf108e706efcf040422dbbfa8e658dee6a819f20d76bb84d26b)
06/19/2022 21:00:58 - INFO - datasets.info - Loading Dataset info from /mmfs1/home/artidoro/.cache/huggingface/datasets/json/default-97ecad4d1ffcfbee/0.0.0/ac0ca5f5289a6cf108e706efcf040422dbbfa8e658dee6a819f20d76bb84d26b
  0%|          | 0/1 [00:00<?, ?it/s]100%|██████████| 1/1 [00:00<00:00, 38.08it/s]
[INFO|configuration_utils.py:651] 2022-06-19 21:00:58,292 >> loading configuration file /gscratch/argon/artidoro/eventsrealm/real_events/outputs/gold-v1.1-prompt-t5-merged-entities-k_prompts-5-single-all-2/checkpoint-5000/config.json
[INFO|configuration_utils.py:689] 2022-06-19 21:00:58,293 >> Model config T5Config {
  "_name_or_path": "/gscratch/argon/artidoro/eventsrealm/real_events/outputs/gold-v1.1-prompt-t5-merged-entities-k_prompts-5-single-all-2/checkpoint-5000",
  "architectures": [
    "T5ForConditionalGeneration"
  ],
  "d_ff": 3072,
  "d_kv": 64,
  "d_model": 768,
  "decoder_start_token_id": 0,
  "dropout_rate": 0.1,
  "eos_token_id": 1,
  "feed_forward_proj": "relu",
  "initializer_factor": 1.0,
  "is_encoder_decoder": true,
  "layer_norm_epsilon": 1e-06,
  "model_type": "t5",
  "n_positions": 512,
  "num_decoder_layers": 12,
  "num_heads": 12,
  "num_layers": 12,
  "output_past": true,
  "pad_token_id": 0,
  "relative_attention_num_buckets": 32,
  "task_specific_params": {
    "summarization": {
      "early_stopping": true,
      "length_penalty": 2.0,
      "max_length": 200,
      "min_length": 30,
      "no_repeat_ngram_size": 3,
      "num_beams": 4,
      "prefix": "summarize: "
    },
    "translation_en_to_de": {
      "early_stopping": true,
      "max_length": 300,
      "num_beams": 4,
      "prefix": "translate English to German: "
    },
    "translation_en_to_fr": {
      "early_stopping": true,
      "max_length": 300,
      "num_beams": 4,
      "prefix": "translate English to French: "
    },
    "translation_en_to_ro": {
      "early_stopping": true,
      "max_length": 300,
      "num_beams": 4,
      "prefix": "translate English to Romanian: "
    }
  },
  "torch_dtype": "float32",
  "transformers_version": "4.17.0.dev0",
  "use_cache": true,
  "vocab_size": 32100
}

[INFO|tokenization_utils_base.py:1703] 2022-06-19 21:00:58,294 >> Didn't find file /gscratch/argon/artidoro/eventsrealm/real_events/outputs/gold-v1.1-prompt-t5-merged-entities-k_prompts-5-single-all-2/checkpoint-5000/added_tokens.json. We won't load it.
[INFO|tokenization_utils_base.py:1786] 2022-06-19 21:00:58,294 >> loading file /gscratch/argon/artidoro/eventsrealm/real_events/outputs/gold-v1.1-prompt-t5-merged-entities-k_prompts-5-single-all-2/checkpoint-5000/spiece.model
[INFO|tokenization_utils_base.py:1786] 2022-06-19 21:00:58,294 >> loading file /gscratch/argon/artidoro/eventsrealm/real_events/outputs/gold-v1.1-prompt-t5-merged-entities-k_prompts-5-single-all-2/checkpoint-5000/tokenizer.json
[INFO|tokenization_utils_base.py:1786] 2022-06-19 21:00:58,294 >> loading file None
[INFO|tokenization_utils_base.py:1786] 2022-06-19 21:00:58,294 >> loading file /gscratch/argon/artidoro/eventsrealm/real_events/outputs/gold-v1.1-prompt-t5-merged-entities-k_prompts-5-single-all-2/checkpoint-5000/special_tokens_map.json
[INFO|tokenization_utils_base.py:1786] 2022-06-19 21:00:58,294 >> loading file /gscratch/argon/artidoro/eventsrealm/real_events/outputs/gold-v1.1-prompt-t5-merged-entities-k_prompts-5-single-all-2/checkpoint-5000/tokenizer_config.json
[INFO|modeling_utils.py:1435] 2022-06-19 21:00:58,367 >> loading weights file /gscratch/argon/artidoro/eventsrealm/real_events/outputs/gold-v1.1-prompt-t5-merged-entities-k_prompts-5-single-all-2/checkpoint-5000/pytorch_model.bin
[INFO|modeling_utils.py:1704] 2022-06-19 21:01:01,363 >> All model checkpoint weights were used when initializing T5ForConditionalGeneration.

[INFO|modeling_utils.py:1712] 2022-06-19 21:01:01,363 >> All the weights of T5ForConditionalGeneration were initialized from the model checkpoint at /gscratch/argon/artidoro/eventsrealm/real_events/outputs/gold-v1.1-prompt-t5-merged-entities-k_prompts-5-single-all-2/checkpoint-5000.
If your task is similar to the task the model of the checkpoint was trained on, you can already use T5ForConditionalGeneration for predictions without further training.
Running tokenizer on validation dataset:   0%|          | 0/2 [00:00<?, ?ba/s]06/19/2022 21:01:01 - INFO - datasets.arrow_dataset - Caching processed dataset at /mmfs1/home/artidoro/.cache/huggingface/datasets/json/default-97ecad4d1ffcfbee/0.0.0/ac0ca5f5289a6cf108e706efcf040422dbbfa8e658dee6a819f20d76bb84d26b/cache-1a8e3ac7f5343e16.arrow
Running tokenizer on validation dataset:  50%|█████     | 1/2 [00:00<00:00,  3.16ba/s]Running tokenizer on validation dataset: 100%|██████████| 2/2 [00:00<00:00,  4.98ba/s]
06/19/2022 21:01:18 - INFO - __main__ - *** Evaluate ***
[INFO|trainer.py:2387] 2022-06-19 21:01:18,499 >> ***** Running Evaluation *****
[INFO|trainer.py:2389] 2022-06-19 21:01:18,499 >>   Num examples = 1245
[INFO|trainer.py:2392] 2022-06-19 21:01:18,499 >>   Batch size = 300
  0%|          | 0/5 [00:00<?, ?it/s] 40%|████      | 2/5 [00:02<00:03,  1.24s/it] 60%|██████    | 3/5 [00:04<00:02,  1.38s/it] 80%|████████  | 4/5 [00:05<00:01,  1.54s/it]100%|██████████| 5/5 [00:06<00:00,  1.12s/it]06/19/2022 21:01:28 - INFO - datasets.metric - Removing /mmfs1/home/artidoro/.cache/huggingface/metrics/rouge/default/default_experiment-1-0.arrow
100%|██████████| 5/5 [00:07<00:00,  1.45s/it]
[INFO|modelcard.py:460] 2022-06-19 21:01:28,405 >> Dropping the following result as it does not have all the necessary fields:
{'task': {'name': 'Summarization', 'type': 'summarization'}}
different_f1 0.15393586005830903
different_prec 0.3180722891566265
different_rec 0.10153846153846154
unchanged_f1 0.9858941330870559
unchanged_prec 0.9774843373493975
unchanged_rec 0.9944498921357129
***** eval metrics *****
  eval_different_f1                      =     0.1539
  eval_different_f1_activity             =      0.303
  eval_different_f1_age                  =        0.0
  eval_different_f1_angle                =     0.2273
  eval_different_f1_area                 =        0.0
  eval_different_f1_balance              =     0.6667
  eval_different_f1_capacity             =        0.0
  eval_different_f1_consistency          =        0.0
  eval_different_f1_consumption          =        0.0
  eval_different_f1_contents             =        0.0
  eval_different_f1_density              =        0.0
  eval_different_f1_direction            =     0.3333
  eval_different_f1_documentation        =        0.0
  eval_different_f1_emotional state      =     0.0556
  eval_different_f1_existence            =        0.1
  eval_different_f1_exposure             =        0.0
  eval_different_f1_familiarity          =        0.0
  eval_different_f1_flexibility          =     0.0971
  eval_different_f1_granularity          =        0.0
  eval_different_f1_height               =     0.2523
  eval_different_f1_hydration            =      0.449
  eval_different_f1_intensity            =       0.32
  eval_different_f1_life                 =        0.0
  eval_different_f1_magnitude            =        0.0
  eval_different_f1_material             =        0.0
  eval_different_f1_pain                 =     0.4167
  eval_different_f1_pose                 =        0.0
  eval_different_f1_posture              =     0.1975
  eval_different_f1_quantity             =     0.2051
  eval_different_f1_resistance           =        0.0
  eval_different_f1_safety               =     0.6316
  eval_different_f1_softness             =     0.4074
  eval_different_f1_spacial relation     =        0.0
  eval_different_f1_tenseness            =        0.0
  eval_different_f1_tension              =     0.2182
  eval_different_f1_thermal conductivity =        0.0
  eval_different_f1_tightness            =     0.2632
  eval_different_f1_time                 =     0.2105
  eval_different_f1_usage                =        0.0
  eval_different_f1_viability            =        0.0
  eval_different_f1_visibility           =        0.0
  eval_different_f1_wholeness            =        0.0
  eval_different_f1_width                =        0.0
  eval_different_prec                    =     0.3181
  eval_different_rec                     =     0.1015
  eval_gen_len                           =     9.6161
  eval_loss                              =     2.0903
  eval_rouge1                            =    79.2088
  eval_rouge2                            =    59.8702
  eval_rougeL                            =    79.2186
  eval_rougeLsum                         =    79.2303
  eval_runtime                           = 0:00:09.63
  eval_samples                           =       1245
  eval_samples_per_second                =     129.17
  eval_steps_per_second                  =      0.519
  eval_unchanged_f1                      =     0.9859
  eval_unchanged_prec                    =     0.9775
  eval_unchanged_rec                     =     0.9944
